Token successfully refreshed.
New https://pypi.org/project/ultralytics/8.3.145 available 😃 Update with 'pip install -U ultralytics'
Ultralytics 8.3.144 🚀 Python-3.11.9 torch-2.7.0+cu126 CUDA:0 (NVIDIA L40S, 45589MiB)
[34m[1mengine/trainer: [0magnostic_nms=False, amp=True, augment=False, auto_augment=randaugment, batch=32.0, bgr=0.0, box=7.5, cache=False, cfg=None, classes=None, close_mosaic=10, cls=0.5, conf=None, copy_paste=0.0, copy_paste_mode=flip, cos_lr=False, cutmix=0.0, data=./datasets/data.yaml, degrees=0.0, deterministic=True, device=None, dfl=1.5, dnn=False, dropout=0.0, dynamic=False, embed=None, epochs=30, erasing=0.4, exist_ok=False, fliplr=0.5, flipud=0.0, format=torchscript, fraction=1.0, freeze=None, half=False, hsv_h=0.015, hsv_s=0.7, hsv_v=0.4, imgsz=640, int8=False, iou=0.7, keras=False, kobj=1.0, line_width=None, lr0=0.01, lrf=0.01, mask_ratio=4, max_det=300, mixup=0.0, mode=train, model=yolo11s.pt, momentum=0.937, mosaic=1.0, multi_scale=False, name=train14, nbs=64, nms=False, opset=None, optimize=False, optimizer=auto, overlap_mask=True, patience=100, perspective=0.0, plots=True, pose=12.0, pretrained=True, profile=False, project=None, rect=False, resume=False, retina_masks=False, save=True, save_conf=False, save_crop=False, save_dir=runs/detect/train14, save_frames=False, save_json=False, save_period=-1, save_txt=False, scale=0.5, seed=0, shear=0.0, show=False, show_boxes=True, show_conf=True, show_labels=True, simplify=True, single_cls=False, source=None, split=val, stream_buffer=False, task=detect, time=None, tracker=botsort.yaml, translate=0.1, val=True, verbose=True, vid_stride=1, visualize=False, warmup_bias_lr=0.1, warmup_epochs=3.0, warmup_momentum=0.8, weight_decay=0.0005, workers=8, workspace=None
Overriding model.yaml nc=80 with nc=1

                   from  n    params  module                                       arguments                     
  0                  -1  1       928  ultralytics.nn.modules.conv.Conv             [3, 32, 3, 2]                 
  1                  -1  1     18560  ultralytics.nn.modules.conv.Conv             [32, 64, 3, 2]                
  2                  -1  1     26080  ultralytics.nn.modules.block.C3k2            [64, 128, 1, False, 0.25]     
  3                  -1  1    147712  ultralytics.nn.modules.conv.Conv             [128, 128, 3, 2]              
  4                  -1  1    103360  ultralytics.nn.modules.block.C3k2            [128, 256, 1, False, 0.25]    
  5                  -1  1    590336  ultralytics.nn.modules.conv.Conv             [256, 256, 3, 2]              
  6                  -1  1    346112  ultralytics.nn.modules.block.C3k2            [256, 256, 1, True]           
  7                  -1  1   1180672  ultralytics.nn.modules.conv.Conv             [256, 512, 3, 2]              
  8                  -1  1   1380352  ultralytics.nn.modules.block.C3k2            [512, 512, 1, True]           
  9                  -1  1    656896  ultralytics.nn.modules.block.SPPF            [512, 512, 5]                 
 10                  -1  1    990976  ultralytics.nn.modules.block.C2PSA           [512, 512, 1]                 
 11                  -1  1         0  torch.nn.modules.upsampling.Upsample         [None, 2, 'nearest']          
 12             [-1, 6]  1         0  ultralytics.nn.modules.conv.Concat           [1]                           
 13                  -1  1    443776  ultralytics.nn.modules.block.C3k2            [768, 256, 1, False]          
 14                  -1  1         0  torch.nn.modules.upsampling.Upsample         [None, 2, 'nearest']          
 15             [-1, 4]  1         0  ultralytics.nn.modules.conv.Concat           [1]                           
 16                  -1  1    127680  ultralytics.nn.modules.block.C3k2            [512, 128, 1, False]          
 17                  -1  1    147712  ultralytics.nn.modules.conv.Conv             [128, 128, 3, 2]              
 18            [-1, 13]  1         0  ultralytics.nn.modules.conv.Concat           [1]                           
 19                  -1  1    345472  ultralytics.nn.modules.block.C3k2            [384, 256, 1, False]          
 20                  -1  1    590336  ultralytics.nn.modules.conv.Conv             [256, 256, 3, 2]              
 21            [-1, 10]  1         0  ultralytics.nn.modules.conv.Concat           [1]                           
 22                  -1  1   1511424  ultralytics.nn.modules.block.C3k2            [768, 512, 1, True]           
 23        [16, 19, 22]  1    819795  ultralytics.nn.modules.head.Detect           [1, [128, 256, 512]]          
YOLO11s summary: 181 layers, 9,428,179 parameters, 9,428,163 gradients, 21.5 GFLOPs

Transferred 493/499 items from pretrained weights
Freezing layer 'model.23.dfl.conv.weight'
[34m[1mAMP: [0mrunning Automatic Mixed Precision (AMP) checks...
[34m[1mAMP: [0mchecks passed ✅
[34m[1mtrain: [0mFast image access ✅ (ping: 0.2±0.2 ms, read: 18.7±3.7 MB/s, size: 43.7 KB)
[34m[1mtrain: [0mScanning /mnt/user/license_detection/finetune/datasets/train/labels.cache... 21173 images, 28 backgrounds, 0 corrupt: 100%|██████████| 21173/21173 [00:00<?, ?it/s][0m[34m[1mtrain: [0mScanning /mnt/user/license_detection/finetune/datasets/train/labels.cache... 21173 images, 28 backgrounds, 0 corrupt: 100%|██████████| 21173/21173 [00:00<?, ?it/s][0m
Traceback (most recent call last):
  File "/mnt/user/license_detection/finetune/finetune_with_mlflow.py", line 46, in <module>
    main(args.epochs,args.batch)
  File "/mnt/user/license_detection/finetune/finetune_with_mlflow.py", line 30, in main
    results = model.train(data=datasets, epochs=epochs, batch=batch)  # train the model
              ^^^^^^^^^^^^^^^^^^^^^^^^^^^^^^^^^^^^^^^^^^^^^^^^^^^^^^
  File "/opt/conda/lib/python3.11/site-packages/ultralytics/engine/model.py", line 796, in train
    self.trainer.train()
  File "/opt/conda/lib/python3.11/site-packages/ultralytics/engine/trainer.py", line 227, in train
    self._do_train(world_size)
  File "/opt/conda/lib/python3.11/site-packages/ultralytics/engine/trainer.py", line 348, in _do_train
    self._setup_train(world_size)
  File "/opt/conda/lib/python3.11/site-packages/ultralytics/engine/trainer.py", line 307, in _setup_train
    self.train_loader = self.get_dataloader(
                        ^^^^^^^^^^^^^^^^^^^^
  File "/opt/conda/lib/python3.11/site-packages/ultralytics/models/yolo/detect/train.py", line 89, in get_dataloader
    return build_dataloader(dataset, batch_size, workers, shuffle, rank)  # return dataloader
           ^^^^^^^^^^^^^^^^^^^^^^^^^^^^^^^^^^^^^^^^^^^^^^^^^^^^^^^^^^^^^
  File "/opt/conda/lib/python3.11/site-packages/ultralytics/data/build.py", line 182, in build_dataloader
    return InfiniteDataLoader(
           ^^^^^^^^^^^^^^^^^^^
  File "/opt/conda/lib/python3.11/site-packages/ultralytics/data/build.py", line 56, in __init__
    super().__init__(*args, **kwargs)
  File "/opt/conda/lib/python3.11/site-packages/torch/utils/data/dataloader.py", line 391, in __init__
    batch_sampler = BatchSampler(sampler, batch_size, drop_last)
                    ^^^^^^^^^^^^^^^^^^^^^^^^^^^^^^^^^^^^^^^^^^^^
  File "/opt/conda/lib/python3.11/site-packages/torch/utils/data/sampler.py", line 315, in __init__
    raise ValueError(
ValueError: batch_size should be a positive integer value, but got batch_size=32.0
