New https://pypi.org/project/ultralytics/8.3.145 available 😃 Update with 'pip install -U ultralytics'
Ultralytics 8.3.144 🚀 Python-3.11.9 torch-2.7.0+cu126 CUDA:0 (NVIDIA L40S, 45589MiB)
[34m[1mengine/trainer: [0magnostic_nms=False, amp=True, augment=False, auto_augment=randaugment, batch=0.3, bgr=0.0, box=7.5, cache=False, cfg=None, classes=None, close_mosaic=10, cls=0.5, conf=None, copy_paste=0.0, copy_paste_mode=flip, cos_lr=False, cutmix=0.0, data=./datasets/data.yaml, degrees=0.0, deterministic=True, device=None, dfl=1.5, dnn=False, dropout=0.0, dynamic=False, embed=None, epochs=30, erasing=0.4, exist_ok=False, fliplr=0.5, flipud=0.0, format=torchscript, fraction=1.0, freeze=None, half=False, hsv_h=0.015, hsv_s=0.7, hsv_v=0.4, imgsz=640, int8=False, iou=0.7, keras=False, kobj=1.0, line_width=None, lr0=0.01, lrf=0.01, mask_ratio=4, max_det=300, mixup=0.0, mode=train, model=yolo11s.pt, momentum=0.937, mosaic=1.0, multi_scale=False, name=train12, nbs=64, nms=False, opset=None, optimize=False, optimizer=auto, overlap_mask=True, patience=100, perspective=0.0, plots=True, pose=12.0, pretrained=True, profile=False, project=None, rect=False, resume=False, retina_masks=False, save=True, save_conf=False, save_crop=False, save_dir=runs/detect/train12, save_frames=False, save_json=False, save_period=-1, save_txt=False, scale=0.5, seed=0, shear=0.0, show=False, show_boxes=True, show_conf=True, show_labels=True, simplify=True, single_cls=False, source=None, split=val, stream_buffer=False, task=detect, time=None, tracker=botsort.yaml, translate=0.1, val=True, verbose=True, vid_stride=1, visualize=False, warmup_bias_lr=0.1, warmup_epochs=3.0, warmup_momentum=0.8, weight_decay=0.0005, workers=8, workspace=None
Overriding model.yaml nc=80 with nc=1

                   from  n    params  module                                       arguments                     
  0                  -1  1       928  ultralytics.nn.modules.conv.Conv             [3, 32, 3, 2]                 
  1                  -1  1     18560  ultralytics.nn.modules.conv.Conv             [32, 64, 3, 2]                
  2                  -1  1     26080  ultralytics.nn.modules.block.C3k2            [64, 128, 1, False, 0.25]     
  3                  -1  1    147712  ultralytics.nn.modules.conv.Conv             [128, 128, 3, 2]              
  4                  -1  1    103360  ultralytics.nn.modules.block.C3k2            [128, 256, 1, False, 0.25]    
  5                  -1  1    590336  ultralytics.nn.modules.conv.Conv             [256, 256, 3, 2]              
  6                  -1  1    346112  ultralytics.nn.modules.block.C3k2            [256, 256, 1, True]           
  7                  -1  1   1180672  ultralytics.nn.modules.conv.Conv             [256, 512, 3, 2]              
  8                  -1  1   1380352  ultralytics.nn.modules.block.C3k2            [512, 512, 1, True]           
  9                  -1  1    656896  ultralytics.nn.modules.block.SPPF            [512, 512, 5]                 
 10                  -1  1    990976  ultralytics.nn.modules.block.C2PSA           [512, 512, 1]                 
 11                  -1  1         0  torch.nn.modules.upsampling.Upsample         [None, 2, 'nearest']          
 12             [-1, 6]  1         0  ultralytics.nn.modules.conv.Concat           [1]                           
 13                  -1  1    443776  ultralytics.nn.modules.block.C3k2            [768, 256, 1, False]          
 14                  -1  1         0  torch.nn.modules.upsampling.Upsample         [None, 2, 'nearest']          
 15             [-1, 4]  1         0  ultralytics.nn.modules.conv.Concat           [1]                           
 16                  -1  1    127680  ultralytics.nn.modules.block.C3k2            [512, 128, 1, False]          
 17                  -1  1    147712  ultralytics.nn.modules.conv.Conv             [128, 128, 3, 2]              
 18            [-1, 13]  1         0  ultralytics.nn.modules.conv.Concat           [1]                           
 19                  -1  1    345472  ultralytics.nn.modules.block.C3k2            [384, 256, 1, False]          
 20                  -1  1    590336  ultralytics.nn.modules.conv.Conv             [256, 256, 3, 2]              
 21            [-1, 10]  1         0  ultralytics.nn.modules.conv.Concat           [1]                           
 22                  -1  1   1511424  ultralytics.nn.modules.block.C3k2            [768, 512, 1, True]           
 23        [16, 19, 22]  1    819795  ultralytics.nn.modules.head.Detect           [1, [128, 256, 512]]          
YOLO11s summary: 181 layers, 9,428,179 parameters, 9,428,163 gradients, 21.5 GFLOPs

Transferred 493/499 items from pretrained weights
Freezing layer 'model.23.dfl.conv.weight'
[34m[1mAMP: [0mrunning Automatic Mixed Precision (AMP) checks...
[34m[1mAMP: [0mchecks passed ✅
[34m[1mtrain: [0mFast image access ✅ (ping: 0.2±0.1 ms, read: 20.9±5.2 MB/s, size: 43.7 KB)
[34m[1mtrain: [0mScanning /mnt/user/license_detection/finetune/datasets/train/labels.cache... 21173 images, 28 backgrounds, 0 corrupt: 100%|██████████| 21173/21173 [00:00<?, ?it/s][0m[34m[1mtrain: [0mScanning /mnt/user/license_detection/finetune/datasets/train/labels.cache... 21173 images, 28 backgrounds, 0 corrupt: 100%|██████████| 21173/21173 [00:00<?, ?it/s][0m
[34m[1mAutoBatch: [0mComputing optimal batch size for imgsz=640 at 30.0% CUDA memory utilization.
[34m[1mAutoBatch: [0mCUDA:0 (NVIDIA L40S) 44.52G total, 0.13G reserved, 0.10G allocated, 44.29G free
      Params      GFLOPs  GPU_mem (GB)  forward (ms) backward (ms)                   input                  output
     9428179       21.55         0.824         24.95         230.1        (1, 3, 640, 640)                    list
     9428179        43.1         1.179         13.08         91.81        (2, 3, 640, 640)                    list
     9428179       86.19         1.722         14.91         91.79        (4, 3, 640, 640)                    list
     9428179       172.4         2.812         15.65         92.42        (8, 3, 640, 640)                    list
     9428179       344.8         4.933         23.78         91.47       (16, 3, 640, 640)                    list
     9428179       689.6         9.116         48.82         106.6       (32, 3, 640, 640)                    list
     9428179        1379        17.427         101.2         157.5       (64, 3, 640, 640)                    list
[34m[1mAutoBatch: [0mUsing batch-size 46 for CUDA:0 12.98G/44.52G (29%) ✅
[34m[1mtrain: [0mFast image access ✅ (ping: 0.1±0.2 ms, read: 14.9±2.5 MB/s, size: 40.5 KB)
[34m[1mtrain: [0mScanning /mnt/user/license_detection/finetune/datasets/train/labels.cache... 21173 images, 28 backgrounds, 0 corrupt: 100%|██████████| 21173/21173 [00:00<?, ?it/s][0m[34m[1mtrain: [0mScanning /mnt/user/license_detection/finetune/datasets/train/labels.cache... 21173 images, 28 backgrounds, 0 corrupt: 100%|██████████| 21173/21173 [00:00<?, ?it/s][0m
[34m[1mval: [0mFast image access ✅ (ping: 0.0±0.0 ms, read: 12.1±2.6 MB/s, size: 35.8 KB)
[34m[1mval: [0mScanning /mnt/user/license_detection/finetune/datasets/valid/labels.cache... 2046 images, 3 backgrounds, 0 corrupt: 100%|██████████| 2046/2046 [00:00<?, ?it/s][0m[34m[1mval: [0mScanning /mnt/user/license_detection/finetune/datasets/valid/labels.cache... 2046 images, 3 backgrounds, 0 corrupt: 100%|██████████| 2046/2046 [00:00<?, ?it/s][0m
Plotting labels to runs/detect/train12/labels.jpg... 
[34m[1moptimizer:[0m 'optimizer=auto' found, ignoring 'lr0=0.01' and 'momentum=0.937' and determining best 'optimizer', 'lr0' and 'momentum' automatically... 
[34m[1moptimizer:[0m AdamW(lr=0.002, momentum=0.9) with parameter groups 81 weight(decay=0.0), 88 weight(decay=0.000359375), 87 bias(decay=0.0)
Traceback (most recent call last):
  File "/mnt/user/license_detection/finetune/finetune_with_mlflow.py", line 45, in <module>
    main(args.epochs,args.batch)
  File "/mnt/user/license_detection/finetune/finetune_with_mlflow.py", line 29, in main
    results = model.train(data=datasets, epochs=epochs, batch=batch)  # train the model
              ^^^^^^^^^^^^^^^^^^^^^^^^^^^^^^^^^^^^^^^^^^^^^^^^^^^^^^
  File "/opt/conda/lib/python3.11/site-packages/ultralytics/engine/model.py", line 796, in train
    self.trainer.train()
  File "/opt/conda/lib/python3.11/site-packages/ultralytics/engine/trainer.py", line 227, in train
    self._do_train(world_size)
  File "/opt/conda/lib/python3.11/site-packages/ultralytics/engine/trainer.py", line 348, in _do_train
    self._setup_train(world_size)
  File "/opt/conda/lib/python3.11/site-packages/ultralytics/engine/trainer.py", line 342, in _setup_train
    self.run_callbacks("on_pretrain_routine_end")
  File "/opt/conda/lib/python3.11/site-packages/ultralytics/engine/trainer.py", line 189, in run_callbacks
    callback(self)
  File "/opt/conda/lib/python3.11/site-packages/ultralytics/utils/callbacks/mlflow.py", line 73, in on_pretrain_routine_end
    mlflow.set_experiment(experiment_name)
  File "/opt/conda/lib/python3.11/site-packages/mlflow/tracking/fluent.py", line 144, in set_experiment
    experiment = client.get_experiment_by_name(experiment_name)
                 ^^^^^^^^^^^^^^^^^^^^^^^^^^^^^^^^^^^^^^^^^^^^^^
  File "/opt/conda/lib/python3.11/site-packages/mlflow/tracking/client.py", line 1249, in get_experiment_by_name
    return self._tracking_client.get_experiment_by_name(name)
           ^^^^^^^^^^^^^^^^^^^^^^^^^^^^^^^^^^^^^^^^^^^^^^^^^^
  File "/opt/conda/lib/python3.11/site-packages/mlflow/tracking/_tracking_service/client.py", line 484, in get_experiment_by_name
    return self.store.get_experiment_by_name(name)
           ^^^^^^^^^^^^^^^^^^^^^^^^^^^^^^^^^^^^^^^
  File "/opt/conda/lib/python3.11/site-packages/mlflow/store/tracking/rest_store.py", line 519, in get_experiment_by_name
    response_proto = self._call_endpoint(GetExperimentByName, req_body)
                     ^^^^^^^^^^^^^^^^^^^^^^^^^^^^^^^^^^^^^^^^^^^^^^^^^^
  File "/opt/conda/lib/python3.11/site-packages/mlflow/store/tracking/rest_store.py", line 82, in _call_endpoint
    return call_endpoint(self.get_host_creds(), endpoint, method, json_body, response_proto)
           ^^^^^^^^^^^^^^^^^^^^^^^^^^^^^^^^^^^^^^^^^^^^^^^^^^^^^^^^^^^^^^^^^^^^^^^^^^^^^^^^^
  File "/opt/conda/lib/python3.11/site-packages/mlflow/utils/rest_utils.py", line 363, in call_endpoint
    response = verify_rest_response(response, endpoint)
               ^^^^^^^^^^^^^^^^^^^^^^^^^^^^^^^^^^^^^^^^
  File "/opt/conda/lib/python3.11/site-packages/mlflow/utils/rest_utils.py", line 239, in verify_rest_response
    raise MlflowException(
mlflow.exceptions.MlflowException: API request to endpoint /api/2.0/mlflow/experiments/get-by-name failed with error code 403 != 200. Response body: 'RBAC: access denied'
Exception in thread Thread-4 (_pin_memory_loop):
Traceback (most recent call last):
  File "/opt/conda/lib/python3.11/threading.py", line 1045, in _bootstrap_inner
    self.run()
  File "/opt/conda/lib/python3.11/threading.py", line 982, in run
    self._target(*self._args, **self._kwargs)
  File "/opt/conda/lib/python3.11/site-packages/torch/utils/data/_utils/pin_memory.py", line 61, in _pin_memory_loop
    do_one_step()
  File "/opt/conda/lib/python3.11/site-packages/torch/utils/data/_utils/pin_memory.py", line 37, in do_one_step
    r = in_queue.get(timeout=MP_STATUS_CHECK_INTERVAL)
        ^^^^^^^^^^^^^^^^^^^^^^^^^^^^^^^^^^^^^^^^^^^^^^
  File "/opt/conda/lib/python3.11/multiprocessing/queues.py", line 122, in get
    return _ForkingPickler.loads(res)
           ^^^^^^^^^^^^^^^^^^^^^^^^^^
  File "/opt/conda/lib/python3.11/site-packages/torch/multiprocessing/reductions.py", line 541, in rebuild_storage_fd
    fd = df.detach()
         ^^^^^^^^^^^
  File "/opt/conda/lib/python3.11/multiprocessing/resource_sharer.py", line 57, in detach
    with _resource_sharer.get_connection(self._id) as conn:
         ^^^^^^^^^^^^^^^^^^^^^^^^^^^^^^^^^^^^^^^^^
  File "/opt/conda/lib/python3.11/multiprocessing/resource_sharer.py", line 86, in get_connection
    c = Client(address, authkey=process.current_process().authkey)
        ^^^^^^^^^^^^^^^^^^^^^^^^^^^^^^^^^^^^^^^^^^^^^^^^^^^^^^^^^^
  File "/opt/conda/lib/python3.11/multiprocessing/connection.py", line 525, in Client
    answer_challenge(c, authkey)
  File "/opt/conda/lib/python3.11/multiprocessing/connection.py", line 769, in answer_challenge
    message = connection.recv_bytes(256)         # reject large message
              ^^^^^^^^^^^^^^^^^^^^^^^^^^
  File "/opt/conda/lib/python3.11/multiprocessing/connection.py", line 216, in recv_bytes
    buf = self._recv_bytes(maxlength)
          ^^^^^^^^^^^^^^^^^^^^^^^^^^^
  File "/opt/conda/lib/python3.11/multiprocessing/connection.py", line 430, in _recv_bytes
    buf = self._recv(4)
          ^^^^^^^^^^^^^
  File "/opt/conda/lib/python3.11/multiprocessing/connection.py", line 395, in _recv
    chunk = read(handle, remaining)
            ^^^^^^^^^^^^^^^^^^^^^^^
ConnectionResetError: [Errno 104] Connection reset by peer
